[  481686ms] [ERROR] ErrorUtils caught an error:

<Surface> is used without AutoLogging initialization

Subsequent non-fatal errors won't be logged; see https://fburl.com/debugjs. {column: 17870, clientTime: 1773643724, extra: Object, guardList: Array(4), hash: nhyile} @ https://static.xx.fbcdn.net/rsrc.php/v4/yJ/r/cz-ZhK0vt3C.js:77
[  534103ms] [ERROR] ErrorUtils caught an error:

<Surface> is used without AutoLogging initialization

Subsequent non-fatal errors won't be logged; see https://fburl.com/debugjs. {column: 17870, clientTime: 1773643776, extra: Object, guardList: Array(4), hash: nhyile} @ https://static.xx.fbcdn.net/rsrc.php/v4/yJ/r/cz-ZhK0vt3C.js:77
[  534145ms] [ERROR] Broken trigger flowlet chain! @ https://static.xx.fbcdn.net/rsrc.php/v4/yJ/r/cz-ZhK0vt3C.js:271
[  547138ms] [ERROR] ErrorUtils caught an error:

<Surface> is used without AutoLogging initialization

Subsequent non-fatal errors won't be logged; see https://fburl.com/debugjs. {column: 17870, clientTime: 1773643789, extra: Object, guardList: Array(4), hash: nhyile} @ https://static.xx.fbcdn.net/rsrc.php/v4/yJ/r/cz-ZhK0vt3C.js:77
[  552187ms] [ERROR] Broken trigger flowlet chain! @ https://static.xx.fbcdn.net/rsrc.php/v4/yJ/r/cz-ZhK0vt3C.js:271
[  572553ms] [ERROR] ErrorUtils caught an error:

<Surface> is used without AutoLogging initialization

Subsequent non-fatal errors won't be logged; see https://fburl.com/debugjs. {column: 17870, clientTime: 1773643815, extra: Object, guardList: Array(4), hash: nhyile} @ https://static.xx.fbcdn.net/rsrc.php/v4/yJ/r/cz-ZhK0vt3C.js:77
[  572572ms] [ERROR] Failed to load resource: net::ERR_FAILED @ chrome-extension://invalid/:0
[  572576ms] [ERROR] Failed to load resource: net::ERR_FAILED @ chrome-extension://invalid/:0
[  572582ms] [ERROR] Failed to load resource: net::ERR_FAILED @ chrome-extension://invalid/:0
[  572586ms] [ERROR] Failed to load resource: net::ERR_FAILED @ chrome-extension://invalid/:0
[  572590ms] [ERROR] Failed to load resource: net::ERR_FAILED @ chrome-extension://invalid/:0
[  572612ms] [ERROR] Broken trigger flowlet chain! @ https://static.xx.fbcdn.net/rsrc.php/v4/yJ/r/cz-ZhK0vt3C.js:271
[  572613ms] [ERROR] Broken trigger flowlet chain! @ https://static.xx.fbcdn.net/rsrc.php/v4/yJ/r/cz-ZhK0vt3C.js:271
[  572613ms] [ERROR] Broken trigger flowlet chain! @ https://static.xx.fbcdn.net/rsrc.php/v4/yJ/r/cz-ZhK0vt3C.js:271
[  572613ms] [ERROR] Broken trigger flowlet chain! @ https://static.xx.fbcdn.net/rsrc.php/v4/yJ/r/cz-ZhK0vt3C.js:271
[  572613ms] [ERROR] Broken trigger flowlet chain! @ https://static.xx.fbcdn.net/rsrc.php/v4/yJ/r/cz-ZhK0vt3C.js:271
[  572613ms] [ERROR] Broken trigger flowlet chain! @ https://static.xx.fbcdn.net/rsrc.php/v4/yJ/r/cz-ZhK0vt3C.js:271
[  572613ms] [ERROR] Broken trigger flowlet chain! @ https://static.xx.fbcdn.net/rsrc.php/v4/yJ/r/cz-ZhK0vt3C.js:271
[  572624ms] [ERROR] Broken trigger flowlet chain! @ https://static.xx.fbcdn.net/rsrc.php/v4/yJ/r/cz-ZhK0vt3C.js:271
[  572624ms] [ERROR] Broken trigger flowlet chain! @ https://static.xx.fbcdn.net/rsrc.php/v4/yJ/r/cz-ZhK0vt3C.js:271
[  572648ms] [ERROR] Broken trigger flowlet chain! @ https://static.xx.fbcdn.net/rsrc.php/v4/yJ/r/cz-ZhK0vt3C.js:271
[  572669ms] [ERROR] Broken trigger flowlet chain! @ https://static.xx.fbcdn.net/rsrc.php/v4/yJ/r/cz-ZhK0vt3C.js:271
[  572722ms] [ERROR] Broken trigger flowlet chain! @ https://static.xx.fbcdn.net/rsrc.php/v4/yJ/r/cz-ZhK0vt3C.js:271
[  572759ms] [ERROR] Broken trigger flowlet chain! @ https://static.xx.fbcdn.net/rsrc.php/v4/yJ/r/cz-ZhK0vt3C.js:271
[  572768ms] [ERROR] Broken trigger flowlet chain! @ https://static.xx.fbcdn.net/rsrc.php/v4/yJ/r/cz-ZhK0vt3C.js:271
[  576797ms] [ERROR] Broken trigger flowlet chain! @ https://static.xx.fbcdn.net/rsrc.php/v4/yJ/r/cz-ZhK0vt3C.js:271
[  576797ms] [ERROR] Broken trigger flowlet chain! @ https://static.xx.fbcdn.net/rsrc.php/v4/yJ/r/cz-ZhK0vt3C.js:271
[  576797ms] [ERROR] Broken trigger flowlet chain! @ https://static.xx.fbcdn.net/rsrc.php/v4/yJ/r/cz-ZhK0vt3C.js:271
[  576797ms] [ERROR] Broken trigger flowlet chain! @ https://static.xx.fbcdn.net/rsrc.php/v4/yJ/r/cz-ZhK0vt3C.js:271
[  576797ms] [ERROR] Failed to load resource: net::ERR_FAILED @ chrome-extension://invalid/:0
[  576797ms] [ERROR] Broken trigger flowlet chain! @ https://static.xx.fbcdn.net/rsrc.php/v4/yJ/r/cz-ZhK0vt3C.js:271
[  576797ms] [ERROR] Broken trigger flowlet chain! @ https://static.xx.fbcdn.net/rsrc.php/v4/yJ/r/cz-ZhK0vt3C.js:271
[  576797ms] [ERROR] Broken trigger flowlet chain! @ https://static.xx.fbcdn.net/rsrc.php/v4/yJ/r/cz-ZhK0vt3C.js:271
[  576801ms] [ERROR] Failed to load resource: net::ERR_FAILED @ chrome-extension://invalid/:0
[  576804ms] [ERROR] Failed to load resource: net::ERR_FAILED @ chrome-extension://invalid/:0
[  576806ms] [ERROR] Failed to load resource: net::ERR_FAILED @ chrome-extension://invalid/:0
[  576807ms] [ERROR] Broken trigger flowlet chain! @ https://static.xx.fbcdn.net/rsrc.php/v4/yJ/r/cz-ZhK0vt3C.js:271
[  576810ms] [ERROR] Broken trigger flowlet chain! @ https://static.xx.fbcdn.net/rsrc.php/v4/yJ/r/cz-ZhK0vt3C.js:271
[  576811ms] [ERROR] Failed to load resource: net::ERR_FAILED @ chrome-extension://invalid/:0
[  576815ms] [ERROR] Broken trigger flowlet chain! @ https://static.xx.fbcdn.net/rsrc.php/v4/yJ/r/cz-ZhK0vt3C.js:271
[  576820ms] [ERROR] Broken trigger flowlet chain! @ https://static.xx.fbcdn.net/rsrc.php/v4/yJ/r/cz-ZhK0vt3C.js:271
[  576830ms] [ERROR] Broken trigger flowlet chain! @ https://static.xx.fbcdn.net/rsrc.php/v4/yJ/r/cz-ZhK0vt3C.js:271
[  576839ms] [ERROR] Broken trigger flowlet chain! @ https://static.xx.fbcdn.net/rsrc.php/v4/yJ/r/cz-ZhK0vt3C.js:271
[  576863ms] [ERROR] Broken trigger flowlet chain! @ https://static.xx.fbcdn.net/rsrc.php/v4/yJ/r/cz-ZhK0vt3C.js:271
[  576912ms] [ERROR] Broken trigger flowlet chain! @ https://static.xx.fbcdn.net/rsrc.php/v4/yJ/r/cz-ZhK0vt3C.js:271
[  581861ms] [ERROR] Broken trigger flowlet chain! @ https://static.xx.fbcdn.net/rsrc.php/v4/yJ/r/cz-ZhK0vt3C.js:271
[  584367ms] [ERROR] Broken trigger flowlet chain! @ https://static.xx.fbcdn.net/rsrc.php/v4/yJ/r/cz-ZhK0vt3C.js:271
[  589372ms] [ERROR] Broken trigger flowlet chain! @ https://static.xx.fbcdn.net/rsrc.php/v4/yJ/r/cz-ZhK0vt3C.js:271
[  594137ms] [ERROR] ErrorUtils caught an error:

<Surface> is used without AutoLogging initialization

Subsequent non-fatal errors won't be logged; see https://fburl.com/debugjs. {column: 17870, clientTime: 1773643836, extra: Object, guardList: Array(4), hash: nhyile} @ https://static.xx.fbcdn.net/rsrc.php/v4/yJ/r/cz-ZhK0vt3C.js:77
[ 2680504ms] [ERROR] Permissions policy violation: unload is not allowed in this document. @ https://static.xx.fbcdn.net/rsrc.php/v4/y7/r/aWDdrS-FLre.js:251
